2021-04-28 00:01:05,116 WARN org.springframework.boot.StartupInfoLogger [main] InetAddress.getLocalHost().getHostName() took 5004 milliseconds to respond. Please verify your network configuration (macOS machines may need to add entries to /etc/hosts).
2021-04-28 00:01:10,562 INFO org.springframework.data.repository.config.RepositoryConfigurationDelegate [main] Bootstrapping Spring Data MongoDB repositories in DEFAULT mode.
2021-04-28 00:01:10,597 INFO org.springframework.data.repository.config.RepositoryConfigurationDelegate [main] Finished Spring Data repository scanning in 31 ms. Found 1 MongoDB repository interfaces.
2021-04-28 00:01:10,862 INFO org.springframework.boot.web.embedded.tomcat.TomcatWebServer [main] Tomcat initialized with port(s): 8080 (http)
2021-04-28 00:01:10,867 INFO org.apache.juli.logging.DirectJDKLog [main] Initializing ProtocolHandler ["http-nio-8080"]
2021-04-28 00:01:10,868 INFO org.apache.juli.logging.DirectJDKLog [main] Starting service [Tomcat]
2021-04-28 00:01:10,868 INFO org.apache.juli.logging.DirectJDKLog [main] Starting Servlet engine: [Apache Tomcat/9.0.39]
2021-04-28 00:01:10,907 INFO org.apache.juli.logging.DirectJDKLog [main] Initializing Spring embedded WebApplicationContext
2021-04-28 00:01:10,907 INFO org.springframework.boot.web.servlet.context.ServletWebServerApplicationContext [main] Root WebApplicationContext: initialization completed in 727 ms
2021-04-28 00:01:11,014 INFO com.mongodb.diagnostics.logging.SLF4JLogger [main] Cluster created with settings {hosts=[192.168.1.2:27017], mode=SINGLE, requiredClusterType=UNKNOWN, serverSelectionTimeout='30000 ms'}
2021-04-28 00:01:11,471 INFO org.springframework.scheduling.concurrent.ExecutorConfigurationSupport [main] Initializing ExecutorService 'applicationTaskExecutor'
2021-04-28 00:01:11,594 INFO org.apache.juli.logging.DirectJDKLog [main] Starting ProtocolHandler ["http-nio-8080"]
2021-04-28 00:01:11,616 INFO org.springframework.boot.web.embedded.tomcat.TomcatWebServer [main] Tomcat started on port(s): 8080 (http) with context path ''
2021-04-28 00:01:22,050 INFO com.mongodb.diagnostics.logging.SLF4JLogger [cluster-ClusterId{value='6088586f95df540732535ee1', description='null'}-192.168.1.2:27017] Exception in monitor thread while connecting to server 192.168.1.2:27017
com.mongodb.MongoSocketOpenException: Exception opening socket
	at com.mongodb.internal.connection.SocketStream.open(SocketStream.java:70)
	at com.mongodb.internal.connection.InternalStreamConnection.open(InternalStreamConnection.java:143)
	at com.mongodb.internal.connection.DefaultServerMonitor$ServerMonitorRunnable.lookupServerDescription(DefaultServerMonitor.java:188)
	at com.mongodb.internal.connection.DefaultServerMonitor$ServerMonitorRunnable.run(DefaultServerMonitor.java:144)
	at java.lang.Thread.run(Thread.java:748)
Caused by: java.net.SocketTimeoutException: connect timed out
	at java.net.PlainSocketImpl.socketConnect(Native Method)
	at java.net.AbstractPlainSocketImpl.doConnect(AbstractPlainSocketImpl.java:476)
	at java.net.AbstractPlainSocketImpl.connectToAddress(AbstractPlainSocketImpl.java:218)
	at java.net.AbstractPlainSocketImpl.connect(AbstractPlainSocketImpl.java:200)
	at java.net.SocksSocketImpl.connect(SocksSocketImpl.java:394)
	at java.net.Socket.connect(Socket.java:606)
	at com.mongodb.internal.connection.SocketStreamHelper.initialize(SocketStreamHelper.java:78)
	at com.mongodb.internal.connection.SocketStream.initializeSocket(SocketStream.java:79)
	at com.mongodb.internal.connection.SocketStream.open(SocketStream.java:65)
	... 4 common frames omitted
2021-04-28 00:01:31,073 INFO org.springframework.scheduling.concurrent.ExecutorConfigurationSupport [SpringContextShutdownHook] Shutting down ExecutorService 'applicationTaskExecutor'
2021-04-28 19:11:37,247 INFO org.springframework.test.context.support.AbstractTestContextBootstrapper [main] Neither @ContextConfiguration nor @ContextHierarchy found for test class [com.dummy.potter.rest_tutorial.RestTutorialApplicationTests], using SpringBootContextLoader
2021-04-28 19:11:37,253 INFO org.springframework.test.context.support.AbstractContextLoader [main] Could not detect default resource locations for test class [com.dummy.potter.rest_tutorial.RestTutorialApplicationTests]: no resource found for suffixes {-context.xml, Context.groovy}.
2021-04-28 19:11:37,254 INFO org.springframework.test.context.support.AnnotationConfigContextLoaderUtils [main] Could not detect default configuration classes for test class [com.dummy.potter.rest_tutorial.RestTutorialApplicationTests]: RestTutorialApplicationTests does not declare any static, non-private, non-final, nested classes annotated with @Configuration.
2021-04-28 19:11:37,354 INFO org.springframework.boot.test.context.SpringBootTestContextBootstrapper [main] Found @SpringBootConfiguration com.dummy.potter.rest_tutorial.RestTutorialApplication for test class com.dummy.potter.rest_tutorial.RestTutorialApplicationTests
2021-04-28 19:11:37,448 INFO org.springframework.test.context.support.AbstractTestContextBootstrapper [main] Loaded default TestExecutionListener class names from location [META-INF/spring.factories]: [org.springframework.boot.test.mock.mockito.MockitoTestExecutionListener, org.springframework.boot.test.mock.mockito.ResetMocksTestExecutionListener, org.springframework.boot.test.autoconfigure.restdocs.RestDocsTestExecutionListener, org.springframework.boot.test.autoconfigure.web.client.MockRestServiceServerResetTestExecutionListener, org.springframework.boot.test.autoconfigure.web.servlet.MockMvcPrintOnlyOnFailureTestExecutionListener, org.springframework.boot.test.autoconfigure.web.servlet.WebDriverTestExecutionListener, org.springframework.boot.test.autoconfigure.webservices.client.MockWebServiceServerTestExecutionListener, org.springframework.test.context.web.ServletTestExecutionListener, org.springframework.test.context.support.DirtiesContextBeforeModesTestExecutionListener, org.springframework.test.context.support.DependencyInjectionTestExecutionListener, org.springframework.test.context.support.DirtiesContextTestExecutionListener, org.springframework.test.context.transaction.TransactionalTestExecutionListener, org.springframework.test.context.jdbc.SqlScriptsTestExecutionListener, org.springframework.test.context.event.EventPublishingTestExecutionListener]
2021-04-28 19:11:37,464 INFO org.springframework.test.context.support.AbstractTestContextBootstrapper [main] Using TestExecutionListeners: [org.springframework.test.context.web.ServletTestExecutionListener@14dd7b39, org.springframework.test.context.support.DirtiesContextBeforeModesTestExecutionListener@66ea810, org.springframework.boot.test.mock.mockito.MockitoTestExecutionListener@6cd24612, org.springframework.boot.test.autoconfigure.SpringBootDependencyInjectionTestExecutionListener@5dafbe45, org.springframework.test.context.support.DirtiesContextTestExecutionListener@2254127a, org.springframework.test.context.transaction.TransactionalTestExecutionListener@51891008, org.springframework.test.context.jdbc.SqlScriptsTestExecutionListener@2f953efd, org.springframework.test.context.event.EventPublishingTestExecutionListener@f68f0dc, org.springframework.boot.test.mock.mockito.ResetMocksTestExecutionListener@d2de489, org.springframework.boot.test.autoconfigure.restdocs.RestDocsTestExecutionListener@14bdbc74, org.springframework.boot.test.autoconfigure.web.client.MockRestServiceServerResetTestExecutionListener@12591ac8, org.springframework.boot.test.autoconfigure.web.servlet.MockMvcPrintOnlyOnFailureTestExecutionListener@5a7fe64f, org.springframework.boot.test.autoconfigure.web.servlet.WebDriverTestExecutionListener@38145825, org.springframework.boot.test.autoconfigure.webservices.client.MockWebServiceServerTestExecutionListener@41330d4f]
2021-04-28 19:11:52,694 WARN org.springframework.boot.StartupInfoLogger [main] InetAddress.getLocalHost().getHostName() took 5004 milliseconds to respond. Please verify your network configuration (macOS machines may need to add entries to /etc/hosts).
2021-04-28 19:11:58,132 INFO org.springframework.data.repository.config.RepositoryConfigurationDelegate [main] Bootstrapping Spring Data MongoDB repositories in DEFAULT mode.
2021-04-28 19:11:58,177 INFO org.springframework.data.repository.config.RepositoryConfigurationDelegate [main] Finished Spring Data repository scanning in 41 ms. Found 1 MongoDB repository interfaces.
2021-04-28 19:11:58,546 INFO com.mongodb.diagnostics.logging.SLF4JLogger [main] Cluster created with settings {hosts=[192.168.1.2:27017], mode=SINGLE, requiredClusterType=UNKNOWN, serverSelectionTimeout='30000 ms'}
2021-04-28 19:11:59,272 INFO org.springframework.scheduling.concurrent.ExecutorConfigurationSupport [main] Initializing ExecutorService 'applicationTaskExecutor'
2021-04-28 19:11:59,742 INFO org.springframework.scheduling.concurrent.ExecutorConfigurationSupport [SpringContextShutdownHook] Shutting down ExecutorService 'applicationTaskExecutor'
2021-04-28 21:10:21,556 INFO org.springframework.test.context.support.AbstractTestContextBootstrapper [main] Neither @ContextConfiguration nor @ContextHierarchy found for test class [com.dummy.potter.rest_tutorial.RestTutorialApplicationTests], using SpringBootContextLoader
2021-04-28 21:10:21,562 INFO org.springframework.test.context.support.AbstractContextLoader [main] Could not detect default resource locations for test class [com.dummy.potter.rest_tutorial.RestTutorialApplicationTests]: no resource found for suffixes {-context.xml, Context.groovy}.
2021-04-28 21:10:21,564 INFO org.springframework.test.context.support.AnnotationConfigContextLoaderUtils [main] Could not detect default configuration classes for test class [com.dummy.potter.rest_tutorial.RestTutorialApplicationTests]: RestTutorialApplicationTests does not declare any static, non-private, non-final, nested classes annotated with @Configuration.
2021-04-28 21:10:21,683 INFO org.springframework.boot.test.context.SpringBootTestContextBootstrapper [main] Found @SpringBootConfiguration com.dummy.potter.rest_tutorial.RestTutorialApplication for test class com.dummy.potter.rest_tutorial.RestTutorialApplicationTests
2021-04-28 21:10:21,814 INFO org.springframework.test.context.support.AbstractTestContextBootstrapper [main] Loaded default TestExecutionListener class names from location [META-INF/spring.factories]: [org.springframework.boot.test.mock.mockito.MockitoTestExecutionListener, org.springframework.boot.test.mock.mockito.ResetMocksTestExecutionListener, org.springframework.boot.test.autoconfigure.restdocs.RestDocsTestExecutionListener, org.springframework.boot.test.autoconfigure.web.client.MockRestServiceServerResetTestExecutionListener, org.springframework.boot.test.autoconfigure.web.servlet.MockMvcPrintOnlyOnFailureTestExecutionListener, org.springframework.boot.test.autoconfigure.web.servlet.WebDriverTestExecutionListener, org.springframework.boot.test.autoconfigure.webservices.client.MockWebServiceServerTestExecutionListener, org.springframework.test.context.web.ServletTestExecutionListener, org.springframework.test.context.support.DirtiesContextBeforeModesTestExecutionListener, org.springframework.test.context.support.DependencyInjectionTestExecutionListener, org.springframework.test.context.support.DirtiesContextTestExecutionListener, org.springframework.test.context.transaction.TransactionalTestExecutionListener, org.springframework.test.context.jdbc.SqlScriptsTestExecutionListener, org.springframework.test.context.event.EventPublishingTestExecutionListener]
2021-04-28 21:10:21,835 INFO org.springframework.test.context.support.AbstractTestContextBootstrapper [main] Using TestExecutionListeners: [org.springframework.test.context.web.ServletTestExecutionListener@14dd7b39, org.springframework.test.context.support.DirtiesContextBeforeModesTestExecutionListener@66ea810, org.springframework.boot.test.mock.mockito.MockitoTestExecutionListener@6cd24612, org.springframework.boot.test.autoconfigure.SpringBootDependencyInjectionTestExecutionListener@5dafbe45, org.springframework.test.context.support.DirtiesContextTestExecutionListener@2254127a, org.springframework.test.context.transaction.TransactionalTestExecutionListener@51891008, org.springframework.test.context.jdbc.SqlScriptsTestExecutionListener@2f953efd, org.springframework.test.context.event.EventPublishingTestExecutionListener@f68f0dc, org.springframework.boot.test.mock.mockito.ResetMocksTestExecutionListener@d2de489, org.springframework.boot.test.autoconfigure.restdocs.RestDocsTestExecutionListener@14bdbc74, org.springframework.boot.test.autoconfigure.web.client.MockRestServiceServerResetTestExecutionListener@12591ac8, org.springframework.boot.test.autoconfigure.web.servlet.MockMvcPrintOnlyOnFailureTestExecutionListener@5a7fe64f, org.springframework.boot.test.autoconfigure.web.servlet.WebDriverTestExecutionListener@38145825, org.springframework.boot.test.autoconfigure.webservices.client.MockWebServiceServerTestExecutionListener@41330d4f]
2021-04-28 21:10:37,081 WARN org.springframework.boot.StartupInfoLogger [main] InetAddress.getLocalHost().getHostName() took 5002 milliseconds to respond. Please verify your network configuration (macOS machines may need to add entries to /etc/hosts).
2021-04-28 21:10:42,511 INFO org.springframework.data.repository.config.RepositoryConfigurationDelegate [main] Bootstrapping Spring Data MongoDB repositories in DEFAULT mode.
2021-04-28 21:10:42,554 INFO org.springframework.data.repository.config.RepositoryConfigurationDelegate [main] Finished Spring Data repository scanning in 39 ms. Found 1 MongoDB repository interfaces.
2021-04-28 21:10:42,993 INFO com.mongodb.diagnostics.logging.SLF4JLogger [main] Cluster created with settings {hosts=[192.168.1.2:27017], mode=SINGLE, requiredClusterType=UNKNOWN, serverSelectionTimeout='30000 ms'}
2021-04-28 21:10:43,749 INFO org.springframework.scheduling.concurrent.ExecutorConfigurationSupport [main] Initializing ExecutorService 'applicationTaskExecutor'
2021-04-28 21:10:44,315 INFO org.springframework.scheduling.concurrent.ExecutorConfigurationSupport [SpringContextShutdownHook] Shutting down ExecutorService 'applicationTaskExecutor'
2021-04-28 22:59:08,736 INFO org.springframework.test.context.support.AbstractTestContextBootstrapper [main] Neither @ContextConfiguration nor @ContextHierarchy found for test class [com.dummy.potter.rest_tutorial.RestTutorialApplicationTests], using SpringBootContextLoader
2021-04-28 22:59:08,743 INFO org.springframework.test.context.support.AbstractContextLoader [main] Could not detect default resource locations for test class [com.dummy.potter.rest_tutorial.RestTutorialApplicationTests]: no resource found for suffixes {-context.xml, Context.groovy}.
2021-04-28 22:59:08,744 INFO org.springframework.test.context.support.AnnotationConfigContextLoaderUtils [main] Could not detect default configuration classes for test class [com.dummy.potter.rest_tutorial.RestTutorialApplicationTests]: RestTutorialApplicationTests does not declare any static, non-private, non-final, nested classes annotated with @Configuration.
2021-04-28 22:59:08,850 INFO org.springframework.boot.test.context.SpringBootTestContextBootstrapper [main] Found @SpringBootConfiguration com.dummy.potter.rest_tutorial.RestTutorialApplication for test class com.dummy.potter.rest_tutorial.RestTutorialApplicationTests
2021-04-28 22:59:08,950 INFO org.springframework.test.context.support.AbstractTestContextBootstrapper [main] Loaded default TestExecutionListener class names from location [META-INF/spring.factories]: [org.springframework.boot.test.mock.mockito.MockitoTestExecutionListener, org.springframework.boot.test.mock.mockito.ResetMocksTestExecutionListener, org.springframework.boot.test.autoconfigure.restdocs.RestDocsTestExecutionListener, org.springframework.boot.test.autoconfigure.web.client.MockRestServiceServerResetTestExecutionListener, org.springframework.boot.test.autoconfigure.web.servlet.MockMvcPrintOnlyOnFailureTestExecutionListener, org.springframework.boot.test.autoconfigure.web.servlet.WebDriverTestExecutionListener, org.springframework.boot.test.autoconfigure.webservices.client.MockWebServiceServerTestExecutionListener, org.springframework.test.context.web.ServletTestExecutionListener, org.springframework.test.context.support.DirtiesContextBeforeModesTestExecutionListener, org.springframework.test.context.support.DependencyInjectionTestExecutionListener, org.springframework.test.context.support.DirtiesContextTestExecutionListener, org.springframework.test.context.transaction.TransactionalTestExecutionListener, org.springframework.test.context.jdbc.SqlScriptsTestExecutionListener, org.springframework.test.context.event.EventPublishingTestExecutionListener]
2021-04-28 22:59:08,970 INFO org.springframework.test.context.support.AbstractTestContextBootstrapper [main] Using TestExecutionListeners: [org.springframework.test.context.web.ServletTestExecutionListener@14dd7b39, org.springframework.test.context.support.DirtiesContextBeforeModesTestExecutionListener@66ea810, org.springframework.boot.test.mock.mockito.MockitoTestExecutionListener@6cd24612, org.springframework.boot.test.autoconfigure.SpringBootDependencyInjectionTestExecutionListener@5dafbe45, org.springframework.test.context.support.DirtiesContextTestExecutionListener@2254127a, org.springframework.test.context.transaction.TransactionalTestExecutionListener@51891008, org.springframework.test.context.jdbc.SqlScriptsTestExecutionListener@2f953efd, org.springframework.test.context.event.EventPublishingTestExecutionListener@f68f0dc, org.springframework.boot.test.mock.mockito.ResetMocksTestExecutionListener@d2de489, org.springframework.boot.test.autoconfigure.restdocs.RestDocsTestExecutionListener@14bdbc74, org.springframework.boot.test.autoconfigure.web.client.MockRestServiceServerResetTestExecutionListener@12591ac8, org.springframework.boot.test.autoconfigure.web.servlet.MockMvcPrintOnlyOnFailureTestExecutionListener@5a7fe64f, org.springframework.boot.test.autoconfigure.web.servlet.WebDriverTestExecutionListener@38145825, org.springframework.boot.test.autoconfigure.webservices.client.MockWebServiceServerTestExecutionListener@41330d4f]
2021-04-28 22:59:24,202 WARN org.springframework.boot.StartupInfoLogger [main] InetAddress.getLocalHost().getHostName() took 5005 milliseconds to respond. Please verify your network configuration (macOS machines may need to add entries to /etc/hosts).
2021-04-28 22:59:29,760 INFO org.springframework.data.repository.config.RepositoryConfigurationDelegate [main] Bootstrapping Spring Data MongoDB repositories in DEFAULT mode.
2021-04-28 22:59:29,815 INFO org.springframework.data.repository.config.RepositoryConfigurationDelegate [main] Finished Spring Data repository scanning in 48 ms. Found 1 MongoDB repository interfaces.
2021-04-28 22:59:30,247 INFO com.mongodb.diagnostics.logging.SLF4JLogger [main] Cluster created with settings {hosts=[mongo-container:27017], mode=SINGLE, requiredClusterType=UNKNOWN, serverSelectionTimeout='30000 ms'}
2021-04-28 22:59:30,302 INFO com.mongodb.diagnostics.logging.SLF4JLogger [cluster-ClusterId{value='60899b7a380a0a7a3f292684', description='null'}-mongo-container:27017] Exception in monitor thread while connecting to server mongo-container:27017
com.mongodb.MongoSocketException: mongo-container
	at com.mongodb.ServerAddress.getSocketAddresses(ServerAddress.java:211)
	at com.mongodb.internal.connection.SocketStream.initializeSocket(SocketStream.java:75)
	at com.mongodb.internal.connection.SocketStream.open(SocketStream.java:65)
	at com.mongodb.internal.connection.InternalStreamConnection.open(InternalStreamConnection.java:143)
	at com.mongodb.internal.connection.DefaultServerMonitor$ServerMonitorRunnable.lookupServerDescription(DefaultServerMonitor.java:188)
	at com.mongodb.internal.connection.DefaultServerMonitor$ServerMonitorRunnable.run(DefaultServerMonitor.java:144)
	at java.lang.Thread.run(Thread.java:748)
Caused by: java.net.UnknownHostException: mongo-container
	at java.net.InetAddress.getAllByName0(InetAddress.java:1281)
	at java.net.InetAddress.getAllByName(InetAddress.java:1193)
	at java.net.InetAddress.getAllByName(InetAddress.java:1127)
	at com.mongodb.ServerAddress.getSocketAddresses(ServerAddress.java:203)
	... 6 common frames omitted
2021-04-28 22:59:31,102 INFO org.springframework.scheduling.concurrent.ExecutorConfigurationSupport [main] Initializing ExecutorService 'applicationTaskExecutor'
2021-04-28 22:59:31,630 INFO org.springframework.scheduling.concurrent.ExecutorConfigurationSupport [SpringContextShutdownHook] Shutting down ExecutorService 'applicationTaskExecutor'
